"../../../../../../Unreal Projects/BulletTimeLauncher/Content/avatardefault_92824.uasset" 0
"../../../../../../Unreal Projects/BulletTimeLauncher/Content/cristian-azcuenaga-55947314-2378938872139103-7731309809620349727-n.uasset" 1
"../../../../../../Unreal Projects/BulletTimeLauncher/Content/Splash/Splash.uasset" 2
"../../../Engine/Content/EngineMaterials/T_Default_Material_Grid_N.uasset" 3
"../../../Engine/Content/EngineMaterials/T_Default_Material_Grid_M.uasset" 4
"../../../Engine/Content/Functions/Engine_MaterialFunctions01/Opacity/CameraDepthFade.uasset" 5
"../../../Engine/Content/EngineMaterials/WorldGridMaterial.uasset" 6
"../../../Engine/Content/ArtTools/RenderToTexture/Meshes/S_1_Unit_Plane.uasset" 7
"../../../Engine/Content/EngineMaterials/DefaultMaterial.uasset" 8
"../../../Engine/Content/BasicShapes/Cone.uasset" 9
"../../../Engine/Content/BasicShapes/Cube.uasset" 10
"../../../Engine/Content/BasicShapes/Cylinder.uasset" 11
"../../../Engine/Content/BasicShapes/Plane.uasset" 12
"../../../Engine/Content/BasicShapes/Sphere.uasset" 13
"../../../Engine/Content/EditorLandscapeResources/DataLayer.uasset" 14
"../../../Engine/Content/EditorLandscapeResources/DefaultAlphaTexture.uasset" 15
"../../../Engine/Content/EditorMaterials/MAT_Groups_Toggle.uasset" 16
"../../../Engine/Content/EditorMaterials/MAT_Groups_Visibility.uasset" 17
"../../../Engine/Content/EditorMaterials/PreviewShadowIndicator.uasset" 18
"../../../Engine/Content/EditorMaterials/PreviewShadowIndicatorMaterial.uasset" 19
"../../../Engine/Content/EditorMaterials/MatineeGroups/MAT_ColorTrack.uasset" 20
"../../../Engine/Content/EditorMaterials/MatineeGroups/MAT_Groups_Anim.uasset" 21
"../../../Engine/Content/EditorMaterials/MatineeGroups/MAT_Groups_AudioMaster.uasset" 22
"../../../Engine/Content/EditorMaterials/MatineeGroups/MAT_Groups_Director.uasset" 23
"../../../Engine/Content/EditorMaterials/MatineeGroups/MAT_Groups_Event.uasset" 24
"../../../Engine/Content/EditorMaterials/MatineeGroups/MAT_Groups_Fade.uasset" 25
"../../../Engine/Content/EditorMaterials/MatineeGroups/MAT_Groups_Float.uasset" 26
"../../../Engine/Content/EditorMaterials/MatineeGroups/MAT_Groups_Move.uasset" 27
"../../../Engine/Content/EditorMaterials/MatineeGroups/MAT_Groups_Slomo.uasset" 28
"../../../Engine/Content/EditorMaterials/MatineeGroups/MAT_Groups_Sound.uasset" 29
"../../../Engine/Content/EditorMaterials/MatineeGroups/MAT_Groups_Vector.uasset" 30
"../../../Engine/Content/EditorMaterials/ParticleSystems/PSysThumbnail_NoImage.uasset" 31
"../../../Engine/Content/EditorMaterials/ParticleSystems/PSysThumbnail_OOD.uasset" 32
"../../../Engine/Content/EditorMaterials/Camera/CineMat.uasset" 33
"../../../Engine/Content/EditorMaterials/Camera/MI_CineMat_Rig.uasset" 34
"../../../Engine/Content/EditorMeshes/Camera/SM_CraneRig_Arm.uasset" 35
"../../../Engine/Content/EditorMeshes/Camera/SM_CraneRig_Base.uasset" 36
"../../../Engine/Content/EditorMeshes/Camera/SM_CraneRig_Body.uasset" 37
"../../../Engine/Content/EditorMeshes/Camera/SM_CraneRig_Mount.uasset" 38
"../../../Engine/Content/EditorMeshes/Camera/SM_RailRig_Mount.uasset" 39
"../../../Engine/Content/EditorMeshes/Camera/SM_RailRig_Track.uasset" 40
"../../../Engine/Content/EditorResources/BSPVertex.uasset" 41
"../../../Engine/Content/EditorResources/S_Actor.uasset" 42
"../../../Engine/Content/EditorResources/S_Solver.uasset" 43
"../../../Engine/Content/EditorResources/S_Terrain.uasset" 44
"../../../Engine/Content/EditorResources/S_Trigger.uasset" 45
"../../../Engine/Content/EditorResources/SequenceRecorder/Countdown.uasset" 46
"../../../Engine/Content/EditorResources/SequenceRecorder/RecordingIndicator.uasset" 47
"../../../Engine/Content/EngineDamageTypes/DmgTypeBP_Environmental.uasset" 48
"../../../Engine/Content/EngineDebugMaterials/DebugEditorMaterial.uasset" 49
"../../../Engine/Content/EngineDebugMaterials/DebugMeshMaterial.uasset" 50
"../../../Engine/Content/EngineDebugMaterials/M_SimpleUnlitTranslucent.uasset" 51
"../../../Engine/Content/EngineMaterials/BaseFlattenNormalMap.uasset" 52
"../../../Engine/Content/EngineMaterials/BaseFlattenGrayscaleMap.uasset" 53
"../../../Engine/Content/EngineMaterials/BaseFlattenEmissiveMap.uasset" 54
"../../../Engine/Content/EngineMaterials/BaseFlattenDiffuseMap.uasset" 55
"../../../Engine/Content/EngineMaterials/BaseFlattenMaterial.uasset" 56
"../../../Engine/Content/EngineMaterials/BlueNoise.uasset" 57
"../../../Engine/Content/EngineMaterials/DefaultBloomKernel.uasset" 58
"../../../Engine/Content/EngineMaterials/DefaultBokeh.uasset" 59
"../../../Engine/Content/EngineMaterials/DefaultDiffuse.uasset" 60
"../../../Engine/Content/EngineMaterials/DefaultDeferredDecalMaterial.uasset" 61
"../../../Engine/Content/EngineMaterials/DefaultLightFunctionMaterial.uasset" 62
"../../../Engine/Content/EngineMaterials/DefaultPhysicalMaterial.uasset" 63
"../../../Engine/Content/Functions/Engine_MaterialFunctions02/Utility/BreakOutFloat2Components.uasset" 64
"../../../Engine/Content/EngineMaterials/DefaultPostProcessMaterial.uasset" 65
"../../../Engine/Content/EngineFonts/RobotoDistanceField.uasset" 66
"../../../Engine/Content/EngineMaterials/DefaultTextMaterialOpaque.uasset" 67
"../../../Engine/Content/EngineMaterials/DefaultWhiteGrid.uasset" 68
"../../../Engine/Content/EngineMaterials/DefaultWhiteGrid_Low.uasset" 69
"../../../Engine/Content/EngineMaterials/EmissiveMeshMaterial.uasset" 70
"../../../Engine/Content/EngineMaterials/GizmoMaterial.uasset" 71
"../../../Engine/Content/EngineMaterials/Good64x64TilingNoiseHighFreq.uasset" 72
"../../../Engine/Content/EngineMaterials/MiniFont.uasset" 73
"../../../Engine/Content/EngineMaterials/InvalidLightmapSettings.uasset" 74
"../../../Engine/Content/EngineMaterials/M_InvalidLightmapSettings.uasset" 75
"../../../Engine/Content/Functions/Engine_MaterialFunctions02/WorldPositionOffset/CameraOffset.uasset" 76
"../../../Engine/Content/EngineMaterials/PhAT_JointLimitMaterial.uasset" 77
"../../../Engine/Content/EngineMaterials/PreintegratedSkinBRDF.uasset" 78
"../../../Engine/Content/EngineMaterials/RemoveSurfaceMaterial.uasset" 79
"../../../Engine/Content/EngineMaterials/WeightMapPlaceholderTexture.uasset" 80
"../../../Engine/Content/EngineResources/WhiteSquareTexture.uasset" 81
"../../../Engine/Content/EngineMaterials/Widget3DPassThrough.uasset" 82
"../../../Engine/Content/EngineMaterials/Widget3DPassThrough_Masked.uasset" 83
"../../../Engine/Content/EngineMaterials/Widget3DPassThrough_Opaque.uasset" 84
"../../../Engine/Content/EngineMaterials/Widget3DPassThrough_Masked_OneSided.uasset" 85
"../../../Engine/Content/EngineMaterials/Widget3DPassThrough_Opaque_OneSided.uasset" 86
"../../../Engine/Content/EngineMaterials/Widget3DPassThrough_Translucent.uasset" 87
"../../../Engine/Content/EngineMaterials/Widget3DPassThrough_Translucent_OneSided.uasset" 88
"../../../Engine/Content/EngineMeshes/Sphere.uasset" 89
"../../../Engine/Content/EngineResources/Black.uasset" 90
"../../../Engine/Content/EngineResources/DefaultTexture.uasset" 91
"../../../Engine/Content/EngineResources/DefaultTextureCube.uasset" 92
"../../../Engine/Content/EngineResources/DefaultVolumeTexture2D.uasset" 93
"../../../Engine/Content/EngineResources/DefaultVolumeTexture.uasset" 94
"../../../Engine/Content/EngineResources/GradientTexture0.uasset" 95
"../../../Engine/Content/EngineSky/VolumetricClouds/T_NoiseShape64.uasset" 96
"../../../Engine/Content/EngineSky/VolumetricClouds/T_VolumeNoiseShape64.uasset" 97
"../../../Engine/Content/EngineSky/VolumetricClouds/T_NoiseErosion.uasset" 98
"../../../Engine/Content/EngineSky/VolumetricClouds/T_VolumeNoiseErosion32.uasset" 99
"../../../Engine/Content/EngineSky/VolumetricClouds/CloudWeatherTexture.uasset" 100
"../../../Engine/Content/EngineSky/VolumetricClouds/CloudGradientTexture.uasset" 101
"../../../Engine/Content/Functions/Engine_MaterialFunctions02/Utility/MakeFloat2.uasset" 102
"../../../Engine/Content/EngineSky/VolumetricClouds/m_SimpleVolumetricCloud.uasset" 103
"../../../Engine/Content/EngineSky/VolumetricClouds/m_SimpleVolumetricCloud_Inst.uasset" 104
"../../../Engine/Content/EngineSounds/Master.uasset" 105
"../../../Engine/Content/Functions/Engine_MaterialFunctions01/Shading/ConvertFromDiffSpec.uasset" 106
"../../../Engine/Content/Functions/Engine_MaterialFunctions01/Shading/PowerToRoughness.uasset" 107
"../../../Engine/Content/Maps/Templates/Thumbnails/Default.uasset" 108
"../../../Engine/Content/Maps/Templates/Thumbnails/TimeOfDay.uasset" 109
"../../../Engine/Content/Maps/Templates/Thumbnails/VR-Basic.uasset" 110
"../../../Engine/Content/MobileResources/T_MobileControls_texture.uasset" 111
"../../../Engine/Content/MobileResources/T_MobileMenu2.uasset" 112
"../../../Engine/Content/MobileResources/HUD/AnalogHat.uasset" 113
"../../../Engine/Content/MobileResources/HUD/VirtualJoystick_Thumb.uasset" 114
"../../../Engine/Content/MobileResources/HUD/VirtualJoystick_Background.uasset" 115
"../../../Engine/Content/MobileResources/HUD/DefaultVirtualJoysticks.uasset" 116
"../../../Engine/Content/MobileResources/HUD/LeftVirtualJoystickOnly.uasset" 117
"../../../Engine/Content/MobileResources/HUD/MobileHUDButton1_off.uasset" 118
"../../../Engine/Content/MobileResources/HUD/MobileHUDButton1_on.uasset" 119
"../../../Engine/Content/MobileResources/HUD/MobileHUDButton2_off.uasset" 120
"../../../Engine/Content/MobileResources/HUD/MobileHUDButton2_on.uasset" 121
"../../../Engine/Content/MobileResources/HUD/MobileHUDButton3.uasset" 122
"../../../Engine/Content/MobileResources/HUD/MobileHUDButtonFire.uasset" 123
"../../../Engine/Content/MobileResources/HUD/MobileHUDDirectionPad.uasset" 124
"../../../Engine/Content/MobileResources/HUD/MobileHUDDirectionPad2.uasset" 125
"../../../Engine/Content/MobileResources/HUD/MobileHUDDirectionPad3.uasset" 126
"../../../Engine/Content/MobileResources/HUD/MobileHUDDirectionStick.uasset" 127
"../../../Engine/Content/MobileResources/HUD/T_Castle_ThumbstickInner.uasset" 128
"../../../Engine/Content/MobileResources/HUD/T_Castle_ThumbstickOutter.uasset" 129
"../../../Engine/Content/Tutorial/ContentIntroCurve.uasset" 130
"../../../Engine/Content/Tutorial/Basics/LevelEditorAttract.uasset" 131
"../../../Engine/Content/Tutorial/Installation/InstallingVisualStudioTutorial.uasset" 132
"../../../Engine/Content/VREditor/TransformGizmo/TranslucentTransformGizmoMaterial.uasset" 133
"../../../Engine/Content/VREditor/LaserPointer/VR_LaserPower_01.uasset" 134
"../../../Engine/Content/VREditor/TransformGizmo/TransformGizmoMaterial.uasset" 135
"../../../Engine/Content/VREditor/TransformGizmo/BoundingBoxCorner.uasset" 136
"../../../Engine/Content/VREditor/TransformGizmo/BoundingBoxEdge.uasset" 137
"../../../Engine/Content/VREditor/TransformGizmo/PlaneTranslationHandle.uasset" 138
"../../../Engine/Content/VREditor/TransformGizmo/Xray.uasset" 139
"../../../Engine/Content/VREditor/TransformGizmo/Main.uasset" 140
"../../../Engine/Content/VREditor/TransformGizmo/SM_Sequencer_Key.uasset" 141
"../../../Engine/Content/VREditor/TransformGizmo/SM_Sequencer_Node.uasset" 142
"../../Plugins/Marketplace/XsollaLogin/Content/Common/Browser/T_WebTexture.uasset" 143
"../../Plugins/Marketplace/XsollaLogin/Content/Common/Browser/M_WebTexture.uasset" 144
"../../Plugins/Marketplace/XsollaLogin/Content/Common/Browser/M_WebTexture_Translucent.uasset" 145
"../../Plugins/Runtime/WebBrowserWidget/Content/WebTexture_T.uasset" 146
"../../Plugins/Runtime/WebBrowserWidget/Content/WebTexture_M.uasset" 147
"../../Plugins/Runtime/WebBrowserWidget/Content/WebTexture_TM.uasset" 148
"../../Plugins/Marketplace/XsollaLogin/Content/Common/Assets/Font/FontFace_Roboto-Regular.uasset" 149
"../../Plugins/Marketplace/XsollaLogin/Content/Common/Assets/Font/Font_Roboto-Regular.uasset" 150
"../../Plugins/Marketplace/XsollaLogin/Content/Common/Components/Primitives/W_Link.uasset" 151
"../../Plugins/Marketplace/XsollaLogin/Content/Common/Assets/Icon/T_EyeIcon.uasset" 152
"../../Plugins/Marketplace/XsollaLogin/Content/Common/Assets/Input/T_InputInitial.uasset" 153
"../../Plugins/Marketplace/XsollaLogin/Content/Common/Assets/Input/T_InputHover.uasset" 154
"../../Plugins/Marketplace/XsollaLogin/Content/Common/Assets/Input/T_InputActive.uasset" 155
"../../Plugins/Marketplace/XsollaLogin/Content/Common/Components/Primitives/W_Input.uasset" 156
"../../Plugins/Marketplace/XsollaLogin/Content/Common/Components/Primitives/W_IconButton.uasset" 157
"../../Plugins/Marketplace/XsollaLogin/Content/Common/Assets/Checkbox/T_CheckboxSelected.uasset" 158
"../../Plugins/Marketplace/XsollaLogin/Content/Common/Assets/Checkbox/T_CheckboxInitial.uasset" 159
"../../Plugins/Marketplace/XsollaLogin/Content/Common/Assets/Checkbox/T_CheckboxHover.uasset" 160
"../../Plugins/Marketplace/XsollaLogin/Content/Common/Components/Primitives/W_Checkbox.uasset" 161
"../../Plugins/Marketplace/XsollaLogin/Content/Common/Assets/Other/T_Background.uasset" 162
"../../Plugins/Marketplace/XsollaLogin/Content/Common/Assets/Icon/T_XsollusLogo.uasset" 163
"../../Plugins/Marketplace/XsollaLogin/Content/Common/Assets/Icon/T_WarningIcon.uasset" 164
"../../Plugins/Marketplace/XsollaLogin/Content/Common/Assets/Icon/T_TwitterPressed.uasset" 165
"../../Plugins/Marketplace/XsollaLogin/Content/Common/Assets/Icon/T_TwitterInitial.uasset" 166
"../../Plugins/Marketplace/XsollaLogin/Content/Common/Assets/Icon/T_TwitterHover.uasset" 167
"../../Plugins/Marketplace/XsollaLogin/Content/Common/Assets/Icon/T_SuccesIcon.uasset" 168
"../../Plugins/Marketplace/XsollaLogin/Content/Common/Assets/Icon/T_GooglePressed.uasset" 169
"../../Plugins/Marketplace/XsollaLogin/Content/Common/Assets/Icon/T_GoogleInitial.uasset" 170
"../../Plugins/Marketplace/XsollaLogin/Content/Common/Assets/Icon/T_GoogleHover.uasset" 171
"../../Plugins/Marketplace/XsollaLogin/Content/Common/Assets/Icon/T_FacebookPressed.uasset" 172
"../../Plugins/Marketplace/XsollaLogin/Content/Common/Assets/Icon/T_FacebookInitial.uasset" 173
"../../Plugins/Marketplace/XsollaLogin/Content/Common/Assets/Icon/T_FacebookHover.uasset" 174
"../../Plugins/Marketplace/XsollaLogin/Content/Common/Assets/Icon/T_ErrorIcon.uasset" 175
"../../Plugins/Marketplace/XsollaLogin/Content/Common/Assets/Font/SharpGroteskSmBold15.uasset" 176
"../../Plugins/Marketplace/XsollaLogin/Content/Common/Assets/Font/SharpGroteskSmBold15_Font.uasset" 177
"../../Plugins/Marketplace/XsollaLogin/Content/Common/Assets/Font/GraphikLCG-Regular.uasset" 178
"../../Plugins/Marketplace/XsollaLogin/Content/Common/Assets/Font/GraphikLCG-Regular_Font.uasset" 179
"../../Plugins/Marketplace/XsollaLogin/Content/Common/Assets/Font/Brutal_Type_Regular.uasset" 180
"../../Plugins/Marketplace/XsollaLogin/Content/Common/Assets/Font/Brutal_Type_Regular_Font.uasset" 181
"../../Plugins/Marketplace/XsollaLogin/Content/Common/Assets/Font/Brutal_Type_Bold.uasset" 182
"../../Plugins/Marketplace/XsollaLogin/Content/Common/Assets/Font/Brutal_Type_Bold_Font.uasset" 183
"../../../Engine/Content/EngineFonts/Faces/RobotoRegular.uasset" 184
"../../../Engine/Content/EngineFonts/Faces/RobotoLight.uasset" 185
"../../../Engine/Content/EngineFonts/Faces/RobotoItalic.uasset" 186
"../../../Engine/Content/EngineFonts/Faces/RobotoBoldItalic.uasset" 187
"../../../Engine/Content/EngineFonts/Faces/RobotoBold.uasset" 188
"../../../Engine/Content/EngineFonts/Faces/DroidSansFallback.uasset" 189
"../../../Engine/Content/EngineFonts/Roboto.uasset" 190
"../../Plugins/Marketplace/XsollaLogin/Content/Common/Assets/Font/FontFace_Roboto-Bold.uasset" 191
"../../Plugins/Marketplace/XsollaLogin/Content/Common/Assets/Font/Font_Roboto-Bold.uasset" 192
"../../Plugins/Marketplace/XsollaLogin/Content/Common/Assets/Button/T_MainButtonPressed.uasset" 193
"../../Plugins/Marketplace/XsollaLogin/Content/Common/Assets/Button/T_MainButtonInitial.uasset" 194
"../../Plugins/Marketplace/XsollaLogin/Content/Common/Assets/Button/T_MainButtonHover.uasset" 195
"../../Plugins/Marketplace/XsollaLogin/Content/Common/Assets/Button/T_MainButtonDisabled.uasset" 196
"../../Plugins/Marketplace/XsollaLogin/Content/Common/Assets/Button/T_ButtonInitial.uasset" 197
"../../Plugins/Marketplace/XsollaLogin/Content/Common/Assets/Button/T_ButtonHover.uasset" 198
"../../Plugins/Marketplace/XsollaLogin/Content/Common/Assets/Button/T_ButtonDisabled.uasset" 199
"../../Plugins/Marketplace/XsollaLogin/Content/Common/Components/Primitives/W_Button.uasset" 200
"../../../../../../Unreal Projects/BulletTimeLauncher/Content/BALA_PNG_NARANJA.uasset" 201
"../../../Engine/Content/EditorBlueprintResources/StandardMacros.uasset" 202
"../../../../../../Unreal Projects/BulletTimeLauncher/Content/W_LoginWidget.uasset" 203
"../../Plugins/Marketplace/XsollaLogin/Content/Common/Assets/Other/T_BackgroundMain.uasset" 204
"../../Plugins/Marketplace/XsollaLogin/Content/Common/Browser/T_Close.uasset" 205
"../../Plugins/Marketplace/XsollaLogin/Content/Login/Components/W_LoginBrowser.uasset" 206
"../../Plugins/Marketplace/XsollaLogin/Content/Common/XsollaDemoGameModeBase.uasset" 207
"../../../../../../Unreal Projects/BulletTimeLauncher/Content/W_LoginDemo.uasset" 208
"../../Plugins/Marketplace/XsollaLogin/Content/Login/Data/BP_UserLevelSaveData.uasset" 209
"../../Plugins/Marketplace/XsollaLogin/Content/Login/Enum/UserFriendCategory.uasset" 210
"../../Plugins/Marketplace/XsollaLogin/Content/Login/Enum/UserActionType.uasset" 211
"../../Plugins/Marketplace/XsollaLogin/Content/Common/Assets/Other/T_WhiteRectangle.uasset" 212
"../../Plugins/Marketplace/XsollaLogin/Content/Login/Data/BP_PopupMenuItemData.uasset" 213
"../../Plugins/Marketplace/XsollaLogin/Content/Login/Components/W_PopupMenuItem.uasset" 214
"../../Plugins/Marketplace/XsollaLogin/Content/Login/Components/W_PopupMenu.uasset" 215
"../../Plugins/Marketplace/XsollaLogin/Content/Common/Assets/Icon/T_ThreeDots.uasset" 216
"../../Plugins/Marketplace/XsollaLogin/Content/Login/Components/W_PopupMenuButton.uasset" 217
"../../Plugins/Marketplace/XsollaLogin/Content/Common/Assets/Other/T_FriendFrame.uasset" 218
"../../Plugins/Marketplace/XsollaLogin/Content/Common/Assets/Icon/T_RedCross.uasset" 219
"../../Plugins/Marketplace/XsollaLogin/Content/Common/Assets/Icon/T_CircleNew.uasset" 220
"../../Plugins/Marketplace/XsollaLogin/Content/Common/Assets/Icon/T_Checkmark.uasset" 221
"../../Plugins/Marketplace/XsollaLogin/Content/Common/Assets/Other/T_FriendAvatarMask.uasset" 222
"../../Plugins/Marketplace/XsollaLogin/Content/Common/Materials/M_AvatarMask.uasset" 223
"../../Plugins/Marketplace/XsollaLogin/Content/Login/Interface/BPI_UserDetailsData.uasset" 224
"../../Plugins/Marketplace/XsollaLogin/Content/Login/Interface/BPI_UserActionHandler.uasset" 225
"../../Plugins/Marketplace/XsollaLogin/Content/Login/Interface/BPI_FriendsItemData.uasset" 226
"../../Plugins/Marketplace/XsollaLogin/Content/Login/Interface/BPI_SocialNetworkItemData.uasset" 227
"../../Plugins/Marketplace/XsollaLogin/Content/Login/Interface/BPI_FriendsSocialItemData.uasset" 228
"../../Plugins/Marketplace/XsollaLogin/Content/Login/Interface/BPI_FriendsSearchItemData.uasset" 229
"../../Plugins/Marketplace/XsollaLogin/Content/Login/Interface/BPI_FriendsPanel.uasset" 230
"../../Plugins/Marketplace/XsollaLogin/Content/Login/Data/BP_UserAvatarItemData.uasset" 231
"../../../../../../Unreal Projects/BulletTimeLauncher/Content/circle-cropped3.uasset" 232
"../../../../../../Unreal Projects/BulletTimeLauncher/Content/W_FriendsItem1.uasset" 233
"../../../../../../Unreal Projects/BulletTimeLauncher/Content/NewMediaPlayer.uasset" 234
"../../../../../../Unreal Projects/BulletTimeLauncher/Content/icXIYR.uasset" 235
"../../../../../../Unreal Projects/BulletTimeLauncher/Content/GuardarDatos.uasset" 236
"../../../../../../Unreal Projects/BulletTimeLauncher/Content/go_home_cover_jam.uasset" 237
"../../../../../../Unreal Projects/BulletTimeLauncher/Content/captura3.uasset" 238
"../../../../../../Unreal Projects/BulletTimeLauncher/Content/2V0aXj.uasset" 239
"../../../../../../Unreal Projects/BulletTimeLauncher/Content/NewMediaPlayer_Video.uasset" 240
"../../../../../../Unreal Projects/BulletTimeLauncher/Content/NewMediaPlayer_Video_Mat.uasset" 241
"../../../../../../Unreal Projects/BulletTimeLauncher/Content/NewStreamMediaSource.uasset" 242
"../../../../../../Unreal Projects/BulletTimeLauncher/Content/NewWidgetBlueprint1.uasset" 243
"../../../../../../Unreal Projects/BulletTimeLauncher/Content/Untitled2_BuiltData.uasset" 244
"../../../../../../Unreal Projects/BulletTimeLauncher/Content/Untitled2.umap" 245
"../../../Engine/Content/Maps/Entry_BuiltData.uasset" 246
"../../../Engine/Content/Maps/Entry.umap" 247
