"../../../../../../Unreal Projects/BulletTimeLauncher/Content/Web/1485477097-avatar_78580.uasset" 0
"../../../../../../Unreal Projects/BulletTimeLauncher/Content/Web/61e852831fb1bbd9027b243414f37786.uasset" 1
"../../../../../../Unreal Projects/BulletTimeLauncher/Content/Web/926696.uasset" 2
"../../../../../../Unreal Projects/BulletTimeLauncher/Content/Web/cropped-1920-1080-921109.uasset" 3
"../../../../../../Unreal Projects/BulletTimeLauncher/Content/Web/google-logo.uasset" 4
"../../../../../../Unreal Projects/BulletTimeLauncher/Content/Web/Man_Silhouette.uasset" 5
"../../../../../../Unreal Projects/BulletTimeLauncher/Content/Web/nexus2cee_Search-Thumb.uasset" 6
"../../../../../../Unreal Projects/BulletTimeLauncher/Content/Web/unnamed5.uasset" 7
"../../../Engine/Content/Animation/DefaultAnimCurveCompressionSettings.uasset" 8
"../../../Engine/Content/Functions/Engine_MaterialFunctions01/Opacity/CameraDepthFade.uasset" 9
"../../../Engine/Content/EngineMaterials/T_Default_Material_Grid_M.uasset" 10
"../../../Engine/Content/EngineMaterials/T_Default_Material_Grid_N.uasset" 11
"../../../Engine/Content/EngineMaterials/WorldGridMaterial.uasset" 12
"../../../Engine/Content/ArtTools/RenderToTexture/Meshes/S_1_Unit_Plane.uasset" 13
"../../../Engine/Content/EngineMaterials/DefaultMaterial.uasset" 14
"../../../Engine/Content/BasicShapes/Cone.uasset" 15
"../../../Engine/Content/BasicShapes/Cube.uasset" 16
"../../../Engine/Content/BasicShapes/Cylinder.uasset" 17
"../../../Engine/Content/BasicShapes/Plane.uasset" 18
"../../../Engine/Content/BasicShapes/Sphere.uasset" 19
"../../../Engine/Content/EditorLandscapeResources/DataLayer.uasset" 20
"../../../Engine/Content/EditorMaterials/MAT_Groups_Toggle.uasset" 21
"../../../Engine/Content/EditorMaterials/MAT_Groups_Visibility.uasset" 22
"../../../Engine/Content/EditorMaterials/PreviewShadowIndicator.uasset" 23
"../../../Engine/Content/EditorMaterials/PreviewShadowIndicatorMaterial.uasset" 24
"../../../Engine/Content/EditorMaterials/MatineeGroups/MAT_ColorTrack.uasset" 25
"../../../Engine/Content/EditorMaterials/MatineeGroups/MAT_Groups_Anim.uasset" 26
"../../../Engine/Content/EditorMaterials/MatineeGroups/MAT_Groups_AudioMaster.uasset" 27
"../../../Engine/Content/EditorMaterials/MatineeGroups/MAT_Groups_Director.uasset" 28
"../../../Engine/Content/EditorMaterials/MatineeGroups/MAT_Groups_Event.uasset" 29
"../../../Engine/Content/EditorMaterials/MatineeGroups/MAT_Groups_Fade.uasset" 30
"../../../Engine/Content/EditorMaterials/MatineeGroups/MAT_Groups_Float.uasset" 31
"../../../Engine/Content/EditorMaterials/MatineeGroups/MAT_Groups_Move.uasset" 32
"../../../Engine/Content/EditorMaterials/MatineeGroups/MAT_Groups_Slomo.uasset" 33
"../../../Engine/Content/EditorMaterials/MatineeGroups/MAT_Groups_Sound.uasset" 34
"../../../Engine/Content/EditorMaterials/MatineeGroups/MAT_Groups_Vector.uasset" 35
"../../../Engine/Content/EditorMaterials/ParticleSystems/PSysThumbnail_NoImage.uasset" 36
"../../../Engine/Content/EditorMaterials/ParticleSystems/PSysThumbnail_OOD.uasset" 37
"../../../Engine/Content/EditorMaterials/Camera/CineMat.uasset" 38
"../../../Engine/Content/EditorMaterials/Camera/MI_CineMat_Rig.uasset" 39
"../../../Engine/Content/EditorMeshes/Camera/SM_CraneRig_Arm.uasset" 40
"../../../Engine/Content/EditorMeshes/Camera/SM_CraneRig_Base.uasset" 41
"../../../Engine/Content/EditorMeshes/Camera/SM_CraneRig_Body.uasset" 42
"../../../Engine/Content/EditorMeshes/Camera/SM_CraneRig_Mount.uasset" 43
"../../../Engine/Content/EditorMeshes/Camera/SM_RailRig_Mount.uasset" 44
"../../../Engine/Content/EditorMeshes/Camera/SM_RailRig_Track.uasset" 45
"../../../Engine/Content/EditorResources/BSPVertex.uasset" 46
"../../../Engine/Content/EditorResources/S_Actor.uasset" 47
"../../../Engine/Content/EditorResources/S_Note.uasset" 48
"../../../Engine/Content/EditorResources/S_Solver.uasset" 49
"../../../Engine/Content/EditorResources/S_Trigger.uasset" 50
"../../../Engine/Content/EditorResources/SequenceRecorder/Countdown.uasset" 51
"../../../Engine/Content/EditorResources/SequenceRecorder/RecordingIndicator.uasset" 52
"../../../Engine/Content/EditorSounds/Notifications/CompileFailed.uasset" 53
"../../../Engine/Content/EditorSounds/Notifications/CompileFailed_Cue.uasset" 54
"../../../Engine/Content/EditorSounds/Notifications/CompileSuccess.uasset" 55
"../../../Engine/Content/EditorSounds/Notifications/CompileStart_Cue.uasset" 56
"../../../Engine/Content/EditorSounds/Notifications/CompileSuccess_Cue.uasset" 57
"../../../Engine/Content/EngineDamageTypes/DmgTypeBP_Environmental.uasset" 58
"../../../Engine/Content/EngineDebugMaterials/DebugEditorMaterial.uasset" 59
"../../../Engine/Content/EngineDebugMaterials/DebugMeshMaterial.uasset" 60
"../../../Engine/Content/EngineDebugMaterials/M_SimpleUnlitTranslucent.uasset" 61
"../../../Engine/Content/Functions/Engine_MaterialFunctions02/Utility/CameraDirectionVector.uasset" 62
"../../../Engine/Content/EngineDebugMaterials/VolumeToRender.uasset" 63
"../../../Engine/Content/EngineDebugMaterials/M_VolumeRenderSphereTracePP.uasset" 64
"../../../Engine/Content/EngineDebugMaterials/WireframeMaterial.uasset" 65
"../../../Engine/Content/EngineFonts/Faces/DroidSansFallback.uasset" 66
"../../../Engine/Content/EngineFonts/Faces/RobotoBold.uasset" 67
"../../../Engine/Content/EngineFonts/Faces/RobotoBoldItalic.uasset" 68
"../../../Engine/Content/EngineFonts/Faces/RobotoItalic.uasset" 69
"../../../Engine/Content/EngineFonts/Faces/RobotoLight.uasset" 70
"../../../Engine/Content/EngineFonts/Faces/RobotoRegular.uasset" 71
"../../../Engine/Content/EngineFonts/Roboto.uasset" 72
"../../../Engine/Content/EngineMaterials/BaseFlattenDiffuseMap.uasset" 73
"../../../Engine/Content/EngineMaterials/BaseFlattenEmissiveMap.uasset" 74
"../../../Engine/Content/EngineMaterials/BaseFlattenGrayscaleMap.uasset" 75
"../../../Engine/Content/EngineMaterials/BaseFlattenNormalMap.uasset" 76
"../../../Engine/Content/EngineMaterials/BaseFlattenMaterial.uasset" 77
"../../../Engine/Content/EngineMaterials/BlueNoise.uasset" 78
"../../../Engine/Content/EngineMaterials/DefaultBloomKernel.uasset" 79
"../../../Engine/Content/EngineMaterials/DefaultBokeh.uasset" 80
"../../../Engine/Content/EngineMaterials/DefaultDiffuse.uasset" 81
"../../../Engine/Content/EngineMaterials/DefaultDeferredDecalMaterial.uasset" 82
"../../../Engine/Content/EngineMaterials/DefaultLightFunctionMaterial.uasset" 83
"../../../Engine/Content/EngineMaterials/DefaultPhysicalMaterial.uasset" 84
"../../../Engine/Content/Functions/Engine_MaterialFunctions02/Utility/BreakOutFloat2Components.uasset" 85
"../../../Engine/Content/EngineMaterials/DefaultPostProcessMaterial.uasset" 86
"../../../Engine/Content/EngineFonts/RobotoDistanceField.uasset" 87
"../../../Engine/Content/EngineMaterials/DefaultTextMaterialOpaque.uasset" 88
"../../../Engine/Content/EngineMaterials/DefaultWhiteGrid.uasset" 89
"../../../Engine/Content/EngineMaterials/DefaultWhiteGrid_Low.uasset" 90
"../../../Engine/Content/EngineMaterials/EmissiveMeshMaterial.uasset" 91
"../../../Engine/Content/EngineMaterials/GizmoMaterial.uasset" 92
"../../../Engine/Content/EngineMaterials/Good64x64TilingNoiseHighFreq.uasset" 93
"../../../Engine/Content/EngineMaterials/MiniFont.uasset" 94
"../../../Engine/Content/EngineMaterials/InvalidLightmapSettings.uasset" 95
"../../../Engine/Content/EngineMaterials/M_InvalidLightmapSettings.uasset" 96
"../../../Engine/Content/Functions/Engine_MaterialFunctions02/WorldPositionOffset/CameraOffset.uasset" 97
"../../../Engine/Content/EngineMaterials/PhAT_JointLimitMaterial.uasset" 98
"../../../Engine/Content/EngineMaterials/PreintegratedSkinBRDF.uasset" 99
"../../../Engine/Content/EngineMaterials/RemoveSurfaceMaterial.uasset" 100
"../../../Engine/Content/EngineMaterials/WeightMapPlaceholderTexture.uasset" 101
"../../../Engine/Content/EngineResources/WhiteSquareTexture.uasset" 102
"../../../Engine/Content/EngineMaterials/Widget3DPassThrough.uasset" 103
"../../../Engine/Content/EngineMaterials/Widget3DPassThrough_Masked.uasset" 104
"../../../Engine/Content/EngineMaterials/Widget3DPassThrough_Opaque.uasset" 105
"../../../Engine/Content/EngineMaterials/Widget3DPassThrough_Masked_OneSided.uasset" 106
"../../../Engine/Content/EngineMaterials/Widget3DPassThrough_Opaque_OneSided.uasset" 107
"../../../Engine/Content/EngineMaterials/Widget3DPassThrough_Translucent.uasset" 108
"../../../Engine/Content/EngineMaterials/Widget3DPassThrough_Translucent_OneSided.uasset" 109
"../../../Engine/Content/EngineMeshes/Sphere.uasset" 110
"../../../Engine/Content/EngineResources/Black.uasset" 111
"../../../Engine/Content/EngineResources/DefaultTexture.uasset" 112
"../../../Engine/Content/EngineResources/DefaultTextureCube.uasset" 113
"../../../Engine/Content/EngineResources/DefaultVolumeTexture2D.uasset" 114
"../../../Engine/Content/EngineResources/DefaultVolumeTexture.uasset" 115
"../../../Engine/Content/EngineResources/GradientTexture0.uasset" 116
"../../../Engine/Content/EngineSounds/Master.uasset" 117
"../../../Engine/Content/Functions/Engine_MaterialFunctions01/Shading/ConvertFromDiffSpec.uasset" 118
"../../../Engine/Content/Functions/Engine_MaterialFunctions01/Shading/PowerToRoughness.uasset" 119
"../../../Engine/Content/Maps/Templates/Thumbnails/Default.uasset" 120
"../../../Engine/Content/Maps/Templates/Thumbnails/TimeOfDay.uasset" 121
"../../../Engine/Content/Maps/Templates/Thumbnails/VR-Basic.uasset" 122
"../../../Engine/Content/MobileResources/T_MobileControls_texture.uasset" 123
"../../../Engine/Content/MobileResources/T_MobileMenu2.uasset" 124
"../../../Engine/Content/MobileResources/HUD/AnalogHat.uasset" 125
"../../../Engine/Content/MobileResources/HUD/VirtualJoystick_Background.uasset" 126
"../../../Engine/Content/MobileResources/HUD/VirtualJoystick_Thumb.uasset" 127
"../../../Engine/Content/MobileResources/HUD/DefaultVirtualJoysticks.uasset" 128
"../../../Engine/Content/MobileResources/HUD/LeftVirtualJoystickOnly.uasset" 129
"../../../Engine/Content/MobileResources/HUD/MobileHUDButton1_off.uasset" 130
"../../../Engine/Content/MobileResources/HUD/MobileHUDButton1_on.uasset" 131
"../../../Engine/Content/MobileResources/HUD/MobileHUDButton2_off.uasset" 132
"../../../Engine/Content/MobileResources/HUD/MobileHUDButton2_on.uasset" 133
"../../../Engine/Content/MobileResources/HUD/MobileHUDButton3.uasset" 134
"../../../Engine/Content/MobileResources/HUD/MobileHUDButtonFire.uasset" 135
"../../../Engine/Content/MobileResources/HUD/MobileHUDDirectionPad.uasset" 136
"../../../Engine/Content/MobileResources/HUD/MobileHUDDirectionPad2.uasset" 137
"../../../Engine/Content/MobileResources/HUD/MobileHUDDirectionPad3.uasset" 138
"../../../Engine/Content/MobileResources/HUD/MobileHUDDirectionStick.uasset" 139
"../../../Engine/Content/MobileResources/HUD/T_Castle_ThumbstickInner.uasset" 140
"../../../Engine/Content/MobileResources/HUD/T_Castle_ThumbstickOutter.uasset" 141
"../../../Engine/Content/Tutorial/ContentIntroCurve.uasset" 142
"../../../Engine/Content/Tutorial/Basics/LevelEditorAttract.uasset" 143
"../../../Engine/Content/VREditor/LaserPointer/VR_LaserPower_01.uasset" 144
"../../../Engine/Content/VREditor/TransformGizmo/TransformGizmoMaterial.uasset" 145
"../../../Engine/Content/VREditor/TransformGizmo/TranslucentTransformGizmoMaterial.uasset" 146
"../../../Engine/Content/VREditor/TransformGizmo/BoundingBoxCorner.uasset" 147
"../../../Engine/Content/VREditor/TransformGizmo/BoundingBoxEdge.uasset" 148
"../../../Engine/Content/VREditor/TransformGizmo/PlaneTranslationHandle.uasset" 149
"../../../Engine/Content/VREditor/TransformGizmo/Main.uasset" 150
"../../../Engine/Content/VREditor/TransformGizmo/Xray.uasset" 151
"../../../Engine/Content/VREditor/TransformGizmo/SM_Sequencer_Key.uasset" 152
"../../../Engine/Content/VREditor/TransformGizmo/SM_Sequencer_Node.uasset" 153
"../../Plugins/Runtime/WebBrowserWidget/Content/WebTexture_T.uasset" 154
"../../Plugins/Runtime/WebBrowserWidget/Content/WebTexture_M.uasset" 155
"../../Plugins/Runtime/WebBrowserWidget/Content/WebTexture_TM.uasset" 156
"../../../../../../Unreal Projects/BulletTimeLauncher/Content/Untitled2_BuiltData.uasset" 157
"../../../Engine/Content/EditorBlueprintResources/StandardMacros.uasset" 158
"../../../../../../Unreal Projects/BulletTimeLauncher/Content/2V0aXj.uasset" 159
"../../../../../../Unreal Projects/BulletTimeLauncher/Content/avatardefault_92824.uasset" 160
"../../../../../../Unreal Projects/BulletTimeLauncher/Content/BALA_PNG_NARANJA.uasset" 161
"../../../../../../Unreal Projects/BulletTimeLauncher/Content/captura3.uasset" 162
"../../../../../../Unreal Projects/BulletTimeLauncher/Content/go_home_cover_jam.uasset" 163
"../../../../../../Unreal Projects/BulletTimeLauncher/Content/icXIYR.uasset" 164
"../../../../../../Unreal Projects/BulletTimeLauncher/Content/NewWidgetBlueprint1.uasset" 165
"../../../../../../Unreal Projects/BulletTimeLauncher/Content/Untitled2.umap" 166
"../../../../../../Unreal Projects/BulletTimeLauncher/Content/Web/Untitled_BuiltData.uasset" 167
"../../../../../../Unreal Projects/BulletTimeLauncher/Content/Web/icon.uasset" 168
"../../../../../../Unreal Projects/BulletTimeLauncher/Content/Web/unnamed.uasset" 169
"../../../../../../Unreal Projects/BulletTimeLauncher/Content/Web/unnamed2.uasset" 170
"../../../../../../Unreal Projects/BulletTimeLauncher/Content/Web/unnamed3.uasset" 171
"../../../../../../Unreal Projects/BulletTimeLauncher/Content/Web/unnamed4.uasset" 172
"../../../../../../Unreal Projects/BulletTimeLauncher/Content/Web/unnamed6.uasset" 173
"../../../../../../Unreal Projects/BulletTimeLauncher/Content/Web/NewWidgetBlueprint.uasset" 174
"../../../../../../Unreal Projects/BulletTimeLauncher/Content/Web/Untitled.umap" 175
"../../../Engine/Content/Maps/Entry_BuiltData.uasset" 176
"../../../Engine/Content/Maps/Entry.umap" 177
